[debug] [2021-05-08T15:12:23.558Z] ----------------------------------------------------------------------
[debug] [2021-05-08T15:12:23.562Z] Command:       C:\Program Files\nodejs\node.exe C:\Users\yadde\AppData\Roaming\npm\node_modules\firebase-tools\lib\bin\firebase.js init
[debug] [2021-05-08T15:12:23.563Z] CLI Version:   9.10.2
[debug] [2021-05-08T15:12:23.563Z] Platform:      win32
[debug] [2021-05-08T15:12:23.563Z] Node Version:  v14.16.1
[debug] [2021-05-08T15:12:23.565Z] Time:          Sat May 08 2021 20:42:23 GMT+0530 (India Standard Time)
[debug] [2021-05-08T15:12:23.566Z] ----------------------------------------------------------------------
[debug] 
[debug] [2021-05-08T15:12:23.581Z] > command requires scopes: ["email","openid","https://www.googleapis.com/auth/cloudplatformprojects.readonly","https://www.googleapis.com/auth/firebase","https://www.googleapis.com/auth/cloud-platform"]
[debug] [2021-05-08T15:12:23.581Z] > authorizing via signed-in user (nikhilyadde17@gmail.com)
[info] 
     ######## #### ########  ######## ########     ###     ######  ########
     ##        ##  ##     ## ##       ##     ##  ##   ##  ##       ##
     ######    ##  ########  ######   ########  #########  ######  ######
     ##        ##  ##    ##  ##       ##     ## ##     ##       ## ##
     ##       #### ##     ## ######## ########  ##     ##  ######  ########

You're about to initialize a Firebase project in this directory:

  C:\Users\yadde\OneDrive\Documents\GitHub\Chat-app-with-react

Before we get started, keep in mind:

  * You are initializing in an existing Firebase project directory

[info] 
=== Project Setup
[info] 
[info] First, let's associate this project directory with a Firebase project.
[info] You can create multiple project aliases by running firebase use --add, 
[info] but for now we'll just set up a default project.
[info] 
[info] i  .firebaserc already has a default project, using fireship-demos. 
[debug] [2021-05-08T15:12:33.294Z] >>> [apiv2][query] GET https://firebase.googleapis.com/v1beta1/projects/fireship-demos [none]
[debug] [2021-05-08T15:12:34.638Z] <<< [apiv2][status] GET https://firebase.googleapis.com/v1beta1/projects/fireship-demos 403
[debug] [2021-05-08T15:12:34.638Z] <<< [apiv2][body] GET https://firebase.googleapis.com/v1beta1/projects/fireship-demos {"error":{"code":403,"message":"The caller does not have permission","status":"PERMISSION_DENIED"}}
[debug] [2021-05-08T15:12:34.639Z] HTTP Error: 403, The caller does not have permission
[debug] [2021-05-08T15:12:35.226Z] FirebaseError: HTTP Error: 403, The caller does not have permission
    at module.exports (C:\Users\yadde\AppData\Roaming\npm\node_modules\firebase-tools\lib\responseToError.js:38:12)
    at Client.doRequest (C:\Users\yadde\AppData\Roaming\npm\node_modules\firebase-tools\lib\apiv2.js:238:23)
    at processTicksAndRejections (internal/process/task_queues.js:93:5)
    at async Client.request (C:\Users\yadde\AppData\Roaming\npm\node_modules\firebase-tools\lib\apiv2.js:96:20)
    at async Object.getFirebaseProject (C:\Users\yadde\AppData\Roaming\npm\node_modules\firebase-tools\lib\management\projects.js:290:21)
    at async Object.doSetup [as project] (C:\Users\yadde\AppData\Roaming\npm\node_modules\firebase-tools\lib\init\features\project.js:77:27)
    at async init (C:\Users\yadde\AppData\Roaming\npm\node_modules\firebase-tools\lib\init\index.js:19:9)
[error] 
[error] Error: Failed to get Firebase project fireship-demos. Please make sure the project exists and your account has permission to access it.
